<?xml version="1.0" encoding="UTF-8"?>
<!-- Generated by org.testng.reporters.JUnitXMLReporter -->
<testsuite ignored="0" hostname="hrahman-lt-9955" failures="0" tests="11" name="Default test" time="131.831" errors="0" timestamp="2022-05-06T17:59:18 EET">
  <testcase classname="testCases.TestCases" name="TestCase_1" time="8.367"/>
  <testcase classname="testCases.TestCases" name="TestCase_1" time="4.671"/>
  <testcase classname="testCases.TestCases" name="TestCase_1" time="4.595"/>
  <testcase classname="testCases.TestCases" name="TestCase_1" time="4.265"/>
  <testcase classname="testCases.TestCases" name="TestCase_1" time="4.618"/>
  <testcase classname="testCases.TestCases" name="TestCase_2" time="6.743"/>
  <testcase classname="testCases.TestCases" name="TestCase_3" time="30.605"/>
  <testcase classname="testCases.TestCases" name="TestCase_3" time="19.493"/>
  <testcase classname="testCases.TestCases" name="TestCase_3" time="15.03"/>
  <testcase classname="testCases.TestCases" name="TestCase_4" time="11.023"/>
  <testcase classname="testCases.TestCases" name="TestCase_4" time="15.981"/>
</testsuite> <!-- Default test -->
