<?xml version="1.0" encoding="UTF-8"?>
<!-- Generated by org.testng.reporters.JUnitXMLReporter -->
<testsuite ignored="0" hostname="hrahman-lt-9955" failures="0" tests="11" name="Default test" time="133.385" errors="0" timestamp="2022-05-06T17:53:26 EET">
  <testcase classname="testCases.TestCases" name="TestCase_1" time="27.386"/>
  <testcase classname="testCases.TestCases" name="TestCase_1" time="4.996"/>
  <testcase classname="testCases.TestCases" name="TestCase_1" time="9.361"/>
  <testcase classname="testCases.TestCases" name="TestCase_1" time="4.739"/>
  <testcase classname="testCases.TestCases" name="TestCase_1" time="4.518"/>
  <testcase classname="testCases.TestCases" name="TestCase_2" time="6.406"/>
  <testcase classname="testCases.TestCases" name="TestCase_3" time="16.659"/>
  <testcase classname="testCases.TestCases" name="TestCase_3" time="15.394"/>
  <testcase classname="testCases.TestCases" name="TestCase_3" time="14.697"/>
  <testcase classname="testCases.TestCases" name="TestCase_4" time="11.495"/>
  <testcase classname="testCases.TestCases" name="TestCase_4" time="11.032"/>
</testsuite> <!-- Default test -->
