<?xml version="1.0" encoding="UTF-8"?>
<!-- Generated by org.testng.reporters.JUnitXMLReporter -->
<testsuite ignored="0" hostname="hrahman-lt-9955" failures="0" tests="11" name="Test" time="166.703" errors="0" timestamp="2022-05-06T03:41:20 EET">
  <testcase classname="testCases.TestCases" name="TestCase_1" time="32.759"/>
  <testcase classname="testCases.TestCases" name="TestCase_1" time="4.95"/>
  <testcase classname="testCases.TestCases" name="TestCase_1" time="4.58"/>
  <testcase classname="testCases.TestCases" name="TestCase_1" time="4.489"/>
  <testcase classname="testCases.TestCases" name="TestCase_1" time="4.505"/>
  <testcase classname="testCases.TestCases" name="TestCase_2" time="7.005"/>
  <testcase classname="testCases.TestCases" name="TestCase_3" time="47.823"/>
  <testcase classname="testCases.TestCases" name="TestCase_3" time="15.407"/>
  <testcase classname="testCases.TestCases" name="TestCase_3" time="15.795"/>
  <testcase classname="testCases.TestCases" name="TestCase_4" time="11.058"/>
  <testcase classname="testCases.TestCases" name="TestCase_4" time="10.894"/>
</testsuite> <!-- Test -->
