<?xml version="1.0" encoding="UTF-8"?>
<testng-results ignored="0" total="11" passed="11" failed="0" skipped="0">
  <reporter-output>
  </reporter-output>
  <suite started-at="2022-05-06T18:12:38 EET" name="Suite" finished-at="2022-05-06T18:15:09 EET" duration-ms="150339">
    <groups>
    </groups>
    <test started-at="2022-05-06T18:12:38 EET" name="Test" finished-at="2022-05-06T18:15:09 EET" duration-ms="150339">
      <class name="testCases.TestCases">
        <test-method is-config="true" signature="beforeMethod()[pri:0, instance:testCases.TestCases@77102b91]" started-at="2022-05-06T18:12:38 EET" name="beforeMethod" finished-at="2022-05-06T18:12:41 EET" duration-ms="2943" status="PASS">
          <reporter-output>
          </reporter-output>
        </test-method> <!-- beforeMethod -->
        <test-method signature="TestCase_1(java.lang.String,java.lang.String,java.lang.String,java.lang.String,java.lang.String)[pri:1, instance:testCases.TestCases@77102b91]" started-at="2022-05-06T18:12:43 EET" name="TestCase_1" data-provider="TestCase_1_dataProvider" finished-at="2022-05-06T18:13:15 EET" duration-ms="31691" status="PASS">
          <params>
            <param index="0">
              <value>
                <![CDATA[dina]]>
              </value>
            </param>
            <param index="1">
              <value>
                <![CDATA[dina6732]]>
              </value>
            </param>
            <param index="2">
              <value>
                <![CDATA[issue]]>
              </value>
            </param>
            <param index="3">
              <value>
                <![CDATA[hello, how]]>
              </value>
            </param>
            <param index="4">
              <value>
                <![CDATA[The e-mail address entered is invalid.]]>
              </value>
            </param>
          </params>
          <reporter-output>
          </reporter-output>
        </test-method> <!-- TestCase_1 -->
        <test-method signature="TestCase_1(java.lang.String,java.lang.String,java.lang.String,java.lang.String,java.lang.String)[pri:1, instance:testCases.TestCases@77102b91]" started-at="2022-05-06T18:13:15 EET" name="TestCase_1" data-provider="TestCase_1_dataProvider" finished-at="2022-05-06T18:13:20 EET" duration-ms="4736" status="PASS">
          <params>
            <param index="0">
              <value>
                <![CDATA[dina]]>
              </value>
            </param>
            <param index="1">
              <value>
                <![CDATA[dina23@]]>
              </value>
            </param>
            <param index="2">
              <value>
                <![CDATA[issue]]>
              </value>
            </param>
            <param index="3">
              <value>
                <![CDATA[hello, how]]>
              </value>
            </param>
            <param index="4">
              <value>
                <![CDATA[The e-mail address entered is invalid.]]>
              </value>
            </param>
          </params>
          <reporter-output>
          </reporter-output>
        </test-method> <!-- TestCase_1 -->
        <test-method signature="TestCase_1(java.lang.String,java.lang.String,java.lang.String,java.lang.String,java.lang.String)[pri:1, instance:testCases.TestCases@77102b91]" started-at="2022-05-06T18:13:20 EET" name="TestCase_1" data-provider="TestCase_1_dataProvider" finished-at="2022-05-06T18:13:24 EET" duration-ms="4383" status="PASS">
          <params>
            <param index="0">
              <value>
                <![CDATA[dina]]>
              </value>
            </param>
            <param index="1">
              <value>
                <![CDATA[dina23@gmail]]>
              </value>
            </param>
            <param index="2">
              <value>
                <![CDATA[issue]]>
              </value>
            </param>
            <param index="3">
              <value>
                <![CDATA[hello, how]]>
              </value>
            </param>
            <param index="4">
              <value>
                <![CDATA[The e-mail address entered is invalid.]]>
              </value>
            </param>
          </params>
          <reporter-output>
          </reporter-output>
        </test-method> <!-- TestCase_1 -->
        <test-method signature="TestCase_1(java.lang.String,java.lang.String,java.lang.String,java.lang.String,java.lang.String)[pri:1, instance:testCases.TestCases@77102b91]" started-at="2022-05-06T18:13:24 EET" name="TestCase_1" data-provider="TestCase_1_dataProvider" finished-at="2022-05-06T18:13:29 EET" duration-ms="4580" status="PASS">
          <params>
            <param index="0">
              <value>
                <![CDATA[dina]]>
              </value>
            </param>
            <param index="1">
              <value>
                <![CDATA[dina23@gmailcom]]>
              </value>
            </param>
            <param index="2">
              <value>
                <![CDATA[issue]]>
              </value>
            </param>
            <param index="3">
              <value>
                <![CDATA[hello, how]]>
              </value>
            </param>
            <param index="4">
              <value>
                <![CDATA[The e-mail address entered is invalid.]]>
              </value>
            </param>
          </params>
          <reporter-output>
          </reporter-output>
        </test-method> <!-- TestCase_1 -->
        <test-method signature="TestCase_1(java.lang.String,java.lang.String,java.lang.String,java.lang.String,java.lang.String)[pri:1, instance:testCases.TestCases@77102b91]" started-at="2022-05-06T18:13:29 EET" name="TestCase_1" data-provider="TestCase_1_dataProvider" finished-at="2022-05-06T18:13:33 EET" duration-ms="4504" status="PASS">
          <params>
            <param index="0">
              <value>
                <![CDATA[dina]]>
              </value>
            </param>
            <param index="1">
              <value>
                <![CDATA[dina23@gmail.]]>
              </value>
            </param>
            <param index="2">
              <value>
                <![CDATA[issue]]>
              </value>
            </param>
            <param index="3">
              <value>
                <![CDATA[hello, how]]>
              </value>
            </param>
            <param index="4">
              <value>
                <![CDATA[The e-mail address entered is invalid.]]>
              </value>
            </param>
          </params>
          <reporter-output>
          </reporter-output>
        </test-method> <!-- TestCase_1 -->
        <test-method signature="TestCase_2(java.lang.String,java.lang.String)[pri:2, instance:testCases.TestCases@77102b91]" started-at="2022-05-06T18:13:33 EET" name="TestCase_2" data-provider="TestCase_2_dataProvider" finished-at="2022-05-06T18:13:40 EET" duration-ms="6324" status="PASS">
          <params>
            <param index="0">
              <value>
                <![CDATA[https://www.musala.com/company/]]>
              </value>
            </param>
            <param index="1">
              <value>
                <![CDATA[https://www.facebook.com/MusalaSoft?fref=ts]]>
              </value>
            </param>
          </params>
          <reporter-output>
          </reporter-output>
        </test-method> <!-- TestCase_2 -->
        <test-method signature="TestCase_3(java.lang.String,java.lang.String,java.lang.String,java.lang.String,java.lang.String,java.lang.String,java.lang.String,java.lang.String,java.lang.String,java.lang.String)[pri:3, instance:testCases.TestCases@77102b91]" started-at="2022-05-06T18:13:40 EET" name="TestCase_3" data-provider="TestCase_3_dataProvider" finished-at="2022-05-06T18:14:11 EET" duration-ms="31133" status="PASS">
          <params>
            <param index="0">
              <value>
                <![CDATA[Join Us]]>
              </value>
            </param>
            <param index="1">
              <value>
                <![CDATA[https://www.musala.com/careers/join-us/]]>
              </value>
            </param>
            <param index="2">
              <value>
                <![CDATA[Anywhere]]>
              </value>
            </param>
            <param index="3">
              <value>
                <![CDATA[Automation QA Engineer]]>
              </value>
            </param>
            <param index="4">
              <value>
                <![CDATA[hagar]]>
              </value>
            </param>
            <param index="5">
              <value>
                <![CDATA[haga@]]>
              </value>
            </param>
            <param index="6">
              <value>
                <![CDATA[11434305535]]>
              </value>
            </param>
            <param index="7">
              <value>
                <![CDATA[Linkedin.com/hagar]]>
              </value>
            </param>
            <param index="8">
              <value>
                <![CDATA[thank you]]>
              </value>
            </param>
            <param index="9">
              <value>
                <![CDATA[The e-mail address entered is invalid.]]>
              </value>
            </param>
          </params>
          <reporter-output>
          </reporter-output>
        </test-method> <!-- TestCase_3 -->
        <test-method signature="TestCase_3(java.lang.String,java.lang.String,java.lang.String,java.lang.String,java.lang.String,java.lang.String,java.lang.String,java.lang.String,java.lang.String,java.lang.String)[pri:3, instance:testCases.TestCases@77102b91]" started-at="2022-05-06T18:14:11 EET" name="TestCase_3" data-provider="TestCase_3_dataProvider" finished-at="2022-05-06T18:14:27 EET" duration-ms="15313" status="PASS">
          <params>
            <param index="0">
              <value>
                <![CDATA[Join Us]]>
              </value>
            </param>
            <param index="1">
              <value>
                <![CDATA[https://www.musala.com/careers/join-us/]]>
              </value>
            </param>
            <param index="2">
              <value>
                <![CDATA[Anywhere]]>
              </value>
            </param>
            <param index="3">
              <value>
                <![CDATA[Automation QA Engineer]]>
              </value>
            </param>
            <param index="4">
              <value>
                <![CDATA[]]>
              </value>
            </param>
            <param index="5">
              <value>
                <![CDATA[hraga@gmail.com]]>
              </value>
            </param>
            <param index="6">
              <value>
                <![CDATA[11434305535]]>
              </value>
            </param>
            <param index="7">
              <value>
                <![CDATA[Linkedin.com/hagar]]>
              </value>
            </param>
            <param index="8">
              <value>
                <![CDATA[thank you]]>
              </value>
            </param>
            <param index="9">
              <value>
                <![CDATA[The field is required.]]>
              </value>
            </param>
          </params>
          <reporter-output>
          </reporter-output>
        </test-method> <!-- TestCase_3 -->
        <test-method signature="TestCase_3(java.lang.String,java.lang.String,java.lang.String,java.lang.String,java.lang.String,java.lang.String,java.lang.String,java.lang.String,java.lang.String,java.lang.String)[pri:3, instance:testCases.TestCases@77102b91]" started-at="2022-05-06T18:14:27 EET" name="TestCase_3" data-provider="TestCase_3_dataProvider" finished-at="2022-05-06T18:14:42 EET" duration-ms="15322" status="PASS">
          <params>
            <param index="0">
              <value>
                <![CDATA[Join Us]]>
              </value>
            </param>
            <param index="1">
              <value>
                <![CDATA[https://www.musala.com/careers/join-us/]]>
              </value>
            </param>
            <param index="2">
              <value>
                <![CDATA[Anywhere]]>
              </value>
            </param>
            <param index="3">
              <value>
                <![CDATA[Automation QA Engineer]]>
              </value>
            </param>
            <param index="4">
              <value>
                <![CDATA[hagar]]>
              </value>
            </param>
            <param index="5">
              <value>
                <![CDATA[hagar@gmail.com]]>
              </value>
            </param>
            <param index="6">
              <value>
                <![CDATA[]]>
              </value>
            </param>
            <param index="7">
              <value>
                <![CDATA[Linkedin.com/hagar]]>
              </value>
            </param>
            <param index="8">
              <value>
                <![CDATA[thank you]]>
              </value>
            </param>
            <param index="9">
              <value>
                <![CDATA[The field is required.]]>
              </value>
            </param>
          </params>
          <reporter-output>
          </reporter-output>
        </test-method> <!-- TestCase_3 -->
        <test-method signature="TestCase_4(java.lang.String,java.lang.String,java.lang.String)[pri:4, instance:testCases.TestCases@77102b91]" started-at="2022-05-06T18:14:42 EET" name="TestCase_4" data-provider="TestCase_4_dataProvider" finished-at="2022-05-06T18:14:58 EET" duration-ms="15645" status="PASS">
          <params>
            <param index="0">
              <value>
                <![CDATA[Join Us]]>
              </value>
            </param>
            <param index="1">
              <value>
                <![CDATA[https://www.musala.com/careers/join-us/]]>
              </value>
            </param>
            <param index="2">
              <value>
                <![CDATA[Sofia]]>
              </value>
            </param>
          </params>
          <reporter-output>
          </reporter-output>
        </test-method> <!-- TestCase_4 -->
        <test-method signature="TestCase_4(java.lang.String,java.lang.String,java.lang.String)[pri:4, instance:testCases.TestCases@77102b91]" started-at="2022-05-06T18:14:58 EET" name="TestCase_4" data-provider="TestCase_4_dataProvider" finished-at="2022-05-06T18:15:08 EET" duration-ms="10218" status="PASS">
          <params>
            <param index="0">
              <value>
                <![CDATA[Join Us]]>
              </value>
            </param>
            <param index="1">
              <value>
                <![CDATA[https://www.musala.com/careers/join-us/]]>
              </value>
            </param>
            <param index="2">
              <value>
                <![CDATA[Skopje]]>
              </value>
            </param>
          </params>
          <reporter-output>
          </reporter-output>
        </test-method> <!-- TestCase_4 -->
        <test-method is-config="true" signature="AfterMethod()[pri:0, instance:testCases.TestCases@77102b91]" started-at="2022-05-06T18:15:08 EET" name="AfterMethod" finished-at="2022-05-06T18:15:09 EET" duration-ms="598" status="PASS">
          <reporter-output>
          </reporter-output>
        </test-method> <!-- AfterMethod -->
      </class> <!-- testCases.TestCases -->
    </test> <!-- Test -->
  </suite> <!-- Suite -->
</testng-results>
